2024-04-19 00:38:05 - INFO - [0.00secondes]-This is an informational message.
2024-04-19 00:38:05 - DEBUG - [0.00secondes]-This is a debug message.
2024-04-19 00:38:05 - CRITICAL - [0.00secondes]-This is a critical message.
2024-04-19 00:38:07 - INFO - [1.66secondes]-La partie est commencé.
2024-04-19 00:38:07 - DEBUG - [1.66secondes]-Grille générée
2024-04-19 00:38:07 - DEBUG - [1.68secondes]-Lancement du jeu réussi
2024-04-19 00:38:07 - DEBUG - [1.68secondes]-La difficulté est Facile
2024-04-19 00:38:07 - DEBUG - [2.39secondes]-Clic de la souris détecté
2024-04-19 00:38:07 - INFO - [2.39secondes]-L'utilisateur a selectionné (1, 1)
2024-04-19 00:38:08 - INFO - [3.10secondes]-L'utilisateur a cliqué sur 2
2024-04-19 00:38:08 - INFO - [3.10secondes]-Placement du chiffre 2 réussi.
2024-04-19 00:38:09 - DEBUG - [3.75secondes]-Clic de la souris détecté
2024-04-19 00:38:09 - INFO - [3.75secondes]-L'utilisateur a selectionné (1, 3)
2024-04-19 00:38:09 - INFO - [3.98secondes]-L'utilisateur a cliqué sur 3
2024-04-19 00:38:09 - CRITICAL - [3.98secondes]-Mauvaise entrée. Chances restantes: 2
2024-04-19 00:38:09 - DEBUG - [3.98secondes]-Retrait d'une chance.
2024-04-19 00:38:10 - DEBUG - [4.90secondes]-Clic de la souris détecté
2024-04-19 00:38:10 - INFO - [4.90secondes]-L'utilisateur a selectionné (3, 1)
2024-04-19 00:38:10 - INFO - [5.29secondes]-L'utilisateur a cliqué sur 4
2024-04-19 00:38:10 - CRITICAL - [5.29secondes]-Mauvaise entrée. Chances restantes: 1
2024-04-19 00:38:10 - DEBUG - [5.29secondes]-Retrait d'une chance.
2024-04-19 00:38:11 - DEBUG - [6.44secondes]-Clic de la souris détecté
2024-04-19 00:38:11 - INFO - [6.44secondes]-L'utilisateur a selectionné (4, 2)
2024-04-19 00:38:12 - INFO - [6.89secondes]-L'utilisateur a cliqué sur 5
2024-04-19 00:38:12 - INFO - [6.89secondes]-Placement du chiffre 5 réussi.
2024-04-19 00:38:13 - DEBUG - [7.90secondes]-Clic de la souris détecté
2024-04-19 00:38:13 - INFO - [7.90secondes]-L'utilisateur a selectionné (4, 3)
2024-04-19 00:38:13 - INFO - [8.14secondes]-L'utilisateur a cliqué sur 6
2024-04-19 00:38:13 - CRITICAL - [8.14secondes]-Mauvaise entrée. Chances restantes: 0
2024-04-19 00:38:13 - DEBUG - [8.14secondes]-Retrait d'une chance.
2024-04-19 00:38:13 - DEBUG - [8.14secondes]-Le message de défaite a été généré avec succès.
2024-04-19 00:38:13 - CRITICAL - [8.14secondes]-Les chances sont épuisées
2024-04-19 00:38:16 - DEBUG - [10.72secondes]-Clic de la souris détecté
2024-04-19 00:38:16 - INFO - [10.72secondes]-L'utilisateur a démarré une nouvelle partie.
2024-04-19 00:38:16 - DEBUG - [10.72secondes]-Clic du bouton refresh détecté
2024-04-19 00:38:16 - DEBUG - [10.72secondes]-Les chances ont été reniatialisés à 3
