2024-04-19 00:13:03 - INFO - [0.00secondes]-This is an informational message.
2024-04-19 00:13:03 - DEBUG - [0.00secondes]-This is a debug message.
2024-04-19 00:13:03 - CRITICAL - [0.00secondes]-This is a critical message.
2024-04-19 00:13:05 - INFO - [1.69secondes]-La partie est commencé.
2024-04-19 00:13:05 - DEBUG - [1.69secondes]-Grille générée
2024-04-19 00:13:05 - DEBUG - [1.75secondes]-Lancement du jeu réussi
2024-04-19 00:13:05 - DEBUG - [1.75secondes]-La difficulté est de info
2024-04-19 00:13:12 - INFO - [8.83secondes]-L'utilisateur a selectionne (8, 7)
2024-04-19 00:13:15 - DEBUG - [12.06secondes]- Clic en dehors des zones interactives.
2024-04-19 00:13:20 - INFO - [16.84secondes]-L'utilisateur a selectionne (4, 8)
2024-04-19 00:13:23 - INFO - [19.48secondes]-L'utilisateur a démarré une nouvelle partie.
2024-04-19 00:13:26 - INFO - [22.49secondes]-L'utilisateur a selectionne (3, 8)
2024-04-19 00:13:26 - INFO - [23.36secondes]-L'utilisateur a démarré une nouvelle partie.
2024-04-19 00:13:27 - INFO - [24.24secondes]-L'utilisateur a démarré une nouvelle partie.
2024-04-19 00:13:28 - INFO - [24.88secondes]-L'utilisateur a démarré une nouvelle partie.
2024-04-19 00:13:29 - INFO - [26.28secondes]-L'utilisateur a démarré une nouvelle partie.
2024-04-19 00:13:31 - INFO - [27.45secondes]-L'utilisateur a selectionne (1, 8)
2024-04-19 00:13:32 - INFO - [28.57secondes]-L'utilisateur a cliqué sur 2
2024-04-19 00:13:32 - CRITICAL - [28.57secondes]-Mauvaise entrée. Chances restantes: 3
2024-04-19 00:13:36 - INFO - [32.93secondes]-L'utilisateur a cliqué sur 5
2024-04-19 00:13:36 - CRITICAL - [32.94secondes]-Mauvaise entrée. Chances restantes: 3
2024-04-19 00:13:41 - INFO - [37.53secondes]-L'utilisateur a selectionne (2, 7)
2024-04-19 00:13:42 - INFO - [38.40secondes]-L'utilisateur a cliqué sur 6
2024-04-19 00:13:42 - INFO - [38.40secondes]-Placement du chiffre 6 réussi.
2024-04-19 00:13:49 - INFO - [45.63secondes]-L'utilisateur a selectionne (3, 7)
2024-04-19 00:13:50 - INFO - [46.46secondes]-L'utilisateur a cliqué sur 2
2024-04-19 00:13:50 - CRITICAL - [46.46secondes]-Mauvaise entrée. Chances restantes: 3
2024-04-19 00:13:50 - CRITICAL - [46.46secondes]-Les chances sont épuisées
