2024-04-23 22:39:40 - INFO - [0.00secondes]-This is an informational message.
2024-04-23 22:39:40 - DEBUG - [0.01secondes]-This is a debug message.
2024-04-23 22:39:40 - CRITICAL - [0.01secondes]-This is a critical message.
2024-04-23 22:39:42 - INFO - [1.97secondes]-La partie est commencé.
2024-04-23 22:39:42 - DEBUG - [1.98secondes]-Grille générée
2024-04-23 22:39:42 - DEBUG - [2.02secondes]-Lancement du jeu réussi
2024-04-23 22:39:42 - DEBUG - [2.03secondes]-La difficulté est Facile
2024-04-23 22:39:47 - DEBUG - [6.58secondes]-Clic de la souris détecté
2024-04-23 22:39:47 - INFO - [6.59secondes]-L'utilisateur a selectionné (9, 8)
2024-04-23 22:39:49 - DEBUG - [8.39secondes]-Clic de la souris détecté
2024-04-23 22:39:49 - INFO - [8.39secondes]-L'utilisateur a selectionné (8, 8)
2024-04-23 22:39:50 - DEBUG - [9.54secondes]-Clic de la souris détecté
2024-04-23 22:39:50 - INFO - [9.54secondes]- Clic en dehors des zones interactives.
2024-04-23 22:39:54 - DEBUG - [13.59secondes]-Clic de la souris détecté
2024-04-23 22:39:54 - INFO - [13.59secondes]- Clic en dehors des zones interactives.
2024-04-23 22:39:56 - DEBUG - [15.33secondes]-Clic de la souris détecté
2024-04-23 22:39:56 - INFO - [15.33secondes]- Clic en dehors des zones interactives.
2024-04-23 22:39:57 - DEBUG - [17.03secondes]-Clic de la souris détecté
2024-04-23 22:39:57 - INFO - [17.04secondes]- Clic en dehors des zones interactives.
2024-04-23 22:39:58 - DEBUG - [18.07secondes]-Clic de la souris détecté
2024-04-23 22:39:58 - INFO - [18.07secondes]-L'utilisateur a démarré une nouvelle partie.
2024-04-23 22:39:58 - DEBUG - [18.07secondes]-Clic du bouton refresh détecté
2024-04-23 22:39:58 - DEBUG - [18.07secondes]-Les chances ont été réinitialisées à 3
2024-04-23 22:40:00 - DEBUG - [19.91secondes]-Clic de la souris détecté
2024-04-23 22:40:00 - INFO - [19.91secondes]-L'utilisateur a selectionné (9, 8)
2024-04-23 22:40:00 - CRITICAL - [19.91secondes]-La case ne peut pas être selectionné.
2024-04-23 22:40:02 - DEBUG - [21.83secondes]-Clic de la souris détecté
2024-04-23 22:40:02 - INFO - [21.83secondes]- Clic en dehors des zones interactives.
2024-04-23 22:40:03 - DEBUG - [22.43secondes]-Clic de la souris détecté
2024-04-23 22:40:03 - INFO - [22.43secondes]-L'utilisateur a démarré une nouvelle partie.
2024-04-23 22:40:03 - DEBUG - [22.43secondes]-Clic du bouton refresh détecté
2024-04-23 22:40:03 - DEBUG - [22.43secondes]-Les chances ont été réinitialisées à 3
2024-04-23 22:40:04 - DEBUG - [24.11secondes]-Clic de la souris détecté
2024-04-23 22:40:04 - INFO - [24.11secondes]- Clic en dehors des zones interactives.
