2024-04-18 10:20:02 - INFO - [0.00secondes]-This is an informational message.
2024-04-18 10:20:02 - DEBUG - [0.00secondes]-This is a debug message.
2024-04-18 10:20:02 - CRITICAL - [0.01secondes]-This is a critical message.
2024-04-18 10:20:04 - INFO - [1.61secondes]-La partie est commencé.
2024-04-18 10:20:05 - INFO - [2.41secondes]-L'utilisateur a cliqué : None
2024-04-18 10:20:05 - INFO - [2.41secondes]-Clic en dehors de la grille.
2024-04-18 10:20:05 - INFO - [2.80secondes]-L'utilisateur a cliqué : None
2024-04-18 10:20:05 - INFO - [2.80secondes]-Clic en dehors de la grille.
2024-04-18 10:20:05 - INFO - [2.97secondes]-L'utilisateur a cliqué : None
2024-04-18 10:20:05 - INFO - [2.97secondes]-Clic en dehors de la grille.
2024-04-18 10:20:05 - INFO - [3.13secondes]-L'utilisateur a cliqué : None
2024-04-18 10:20:05 - INFO - [3.13secondes]-Clic en dehors de la grille.
2024-04-18 10:20:06 - INFO - [3.29secondes]-L'utilisateur a cliqué : None
2024-04-18 10:20:06 - INFO - [3.29secondes]-Clic en dehors de la grille.
2024-04-18 10:20:07 - INFO - [4.75secondes]-L'utilisateur a cliqué : None
2024-04-18 10:20:07 - INFO - [4.75secondes]-Clic en dehors de la grille.
2024-04-18 10:20:09 - INFO - [7.04secondes]-L'utilisateur a cliqué : None
2024-04-18 10:20:09 - INFO - [7.04secondes]-Clic en dehors de la grille.
2024-04-18 10:20:11 - INFO - [8.20secondes]-L'utilisateur a cliqué : None
2024-04-18 10:20:11 - INFO - [8.20secondes]-Clic en dehors de la grille.
