2024-04-24 10:46:16 - INFO - [0.00secondes]-This is an informational message.
2024-04-24 10:46:16 - DEBUG - [0.00secondes]-This is a debug message.
2024-04-24 10:46:16 - CRITICAL - [0.00secondes]-This is a critical message.
2024-04-24 10:46:18 - INFO - [1.68secondes]-La partie est commencé.
2024-04-24 10:46:18 - DEBUG - [1.68secondes]-Grille générée
2024-04-24 10:46:18 - DEBUG - [1.72secondes]-Lancement du jeu réussi
2024-04-24 10:46:18 - DEBUG - [1.72secondes]-La difficulté est Facile
2024-04-24 10:46:18 - DEBUG - [2.09secondes]-Clic de la souris détecté
2024-04-24 10:46:18 - INFO - [2.09secondes]-L'utilisateur a selectionné (9, 7)
2024-04-24 10:46:18 - CRITICAL - [2.09secondes]-La case ne peut pas être selectionné.
2024-04-24 10:46:20 - DEBUG - [3.23secondes]-Clic de la souris détecté
2024-04-24 10:46:20 - INFO - [3.23secondes]- Clic en dehors des zones interactives.
2024-04-24 10:46:20 - INFO - [3.23secondes]- Le niveau de difficulté est: Easy.
2024-04-24 10:46:20 - INFO - [3.23secondes]-Nouvelle difficulté sélectionnée: Easy.
2024-04-24 10:46:20 - DEBUG - [3.26secondes]-Changement de difficulté effectué avec succès.
2024-04-24 10:46:21 - DEBUG - [4.36secondes]-Clic de la souris détecté
2024-04-24 10:46:21 - INFO - [4.36secondes]-L'utilisateur a démarré une nouvelle partie.
2024-04-24 10:46:21 - DEBUG - [4.36secondes]-Clic du bouton refresh détecté
2024-04-24 10:46:21 - DEBUG - [4.36secondes]-Les chances ont été réinitialisées à 3
2024-04-24 10:46:22 - DEBUG - [5.54secondes]-Clic de la souris détecté
2024-04-24 10:46:22 - INFO - [5.54secondes]-L'utilisateur a démarré une nouvelle partie.
2024-04-24 10:46:22 - DEBUG - [5.54secondes]-Clic du bouton refresh détecté
2024-04-24 10:46:22 - DEBUG - [5.54secondes]-Les chances ont été réinitialisées à 3
2024-04-24 10:46:24 - DEBUG - [7.28secondes]-Clic de la souris détecté
2024-04-24 10:46:24 - INFO - [7.28secondes]-L'utilisateur a démarré une nouvelle partie.
2024-04-24 10:46:24 - DEBUG - [7.28secondes]-Clic du bouton refresh détecté
2024-04-24 10:46:24 - DEBUG - [7.29secondes]-Les chances ont été réinitialisées à 3
2024-04-24 10:46:24 - DEBUG - [7.67secondes]-Clic de la souris détecté
2024-04-24 10:46:24 - INFO - [7.68secondes]-L'utilisateur a démarré une nouvelle partie.
2024-04-24 10:46:24 - DEBUG - [7.68secondes]-Clic du bouton refresh détecté
2024-04-24 10:46:24 - DEBUG - [7.68secondes]-Les chances ont été réinitialisées à 3
2024-04-24 10:46:24 - DEBUG - [8.09secondes]-Clic de la souris détecté
2024-04-24 10:46:24 - INFO - [8.09secondes]-L'utilisateur a démarré une nouvelle partie.
2024-04-24 10:46:24 - DEBUG - [8.10secondes]-Clic du bouton refresh détecté
2024-04-24 10:46:24 - DEBUG - [8.10secondes]-Les chances ont été réinitialisées à 3
2024-04-24 10:46:25 - DEBUG - [8.51secondes]-Clic de la souris détecté
2024-04-24 10:46:25 - INFO - [8.51secondes]-L'utilisateur a démarré une nouvelle partie.
2024-04-24 10:46:25 - DEBUG - [8.52secondes]-Clic du bouton refresh détecté
2024-04-24 10:46:25 - DEBUG - [8.52secondes]-Les chances ont été réinitialisées à 3
2024-04-24 10:46:25 - DEBUG - [8.93secondes]-Clic de la souris détecté
2024-04-24 10:46:25 - INFO - [8.93secondes]-L'utilisateur a démarré une nouvelle partie.
2024-04-24 10:46:25 - DEBUG - [8.93secondes]-Clic du bouton refresh détecté
2024-04-24 10:46:25 - DEBUG - [8.93secondes]-Les chances ont été réinitialisées à 3
2024-04-24 10:46:27 - DEBUG - [10.58secondes]-Clic de la souris détecté
2024-04-24 10:46:27 - INFO - [10.58secondes]-L'utilisateur a démarré une nouvelle partie.
2024-04-24 10:46:27 - DEBUG - [10.58secondes]-Clic du bouton refresh détecté
2024-04-24 10:46:27 - DEBUG - [10.58secondes]-Les chances ont été réinitialisées à 3
