2024-04-18 11:51:28 - INFO - [0.00secondes]-This is an informational message.
2024-04-18 11:51:28 - DEBUG - [0.00secondes]-This is a debug message.
2024-04-18 11:51:28 - CRITICAL - [0.00secondes]-This is a critical message.
2024-04-18 11:51:30 - INFO - [1.54secondes]-La partie est commencé.
2024-04-18 11:51:30 - DEBUG - [1.55secondes]-Grille générée
2024-04-18 11:51:30 - DEBUG - [1.57secondes]-Lancement du jeu réussi
2024-04-18 11:51:30 - DEBUG - [1.57secondes]-La difficulté est de info
2024-04-18 11:51:30 - INFO - [2.42secondes]-L'utilisateur a selectionne (7, 6)
2024-04-18 11:51:32 - INFO - [3.75secondes]-L'utilisateur a démarré une nouvelle partie.
2024-04-18 11:51:32 - CRITICAL - [3.77secondes]-La grille ne s'est pas généré
2024-04-18 11:51:35 - INFO - [6.51secondes]-L'utilisateur a démarré une nouvelle partie.
2024-04-18 11:51:35 - CRITICAL - [6.53secondes]-La grille ne s'est pas généré
2024-04-18 11:51:38 - INFO - [10.21secondes]-L'utilisateur a démarré une nouvelle partie.
2024-04-18 11:51:38 - CRITICAL - [10.24secondes]-La grille ne s'est pas généré
2024-04-18 11:51:39 - INFO - [11.00secondes]-L'utilisateur a démarré une nouvelle partie.
2024-04-18 11:51:39 - CRITICAL - [11.02secondes]-La grille ne s'est pas généré
2024-04-18 11:51:40 - INFO - [11.84secondes]-L'utilisateur a démarré une nouvelle partie.
2024-04-18 11:51:40 - CRITICAL - [11.86secondes]-La grille ne s'est pas généré
2024-04-18 11:51:41 - INFO - [13.24secondes]-L'utilisateur a selectionne (8, 8)
2024-04-18 11:51:43 - INFO - [14.69secondes]-L'utilisateur a démarré une nouvelle partie.
2024-04-18 11:51:43 - CRITICAL - [14.70secondes]-La grille ne s'est pas généré
2024-04-18 11:51:44 - DEBUG - [15.89secondes]- Clic en dehors des zones interactives.
2024-04-18 11:51:44 - DEBUG - [15.96secondes]- Clic en dehors des zones interactives.
2024-04-18 11:51:52 - INFO - [24.22secondes]-L'utilisateur a selectionne (5, 8)
2024-04-18 11:51:53 - INFO - [25.43secondes]-L'utilisateur a cliqué sur 1
2024-04-18 11:51:53 - CRITICAL - [25.43secondes]-Mauvaise entrée. Chances restantes: 3
2024-04-18 11:52:02 - INFO - [33.58secondes]-L'utilisateur a cliqué sur 4
2024-04-18 11:52:02 - INFO - [33.58secondes]-Placement du chiffre 4 réussi.
2024-04-18 11:52:06 - INFO - [37.88secondes]-L'utilisateur a selectionne (4, 9)
2024-04-18 11:52:08 - INFO - [40.01secondes]-L'utilisateur a démarré une nouvelle partie.
2024-04-18 11:52:08 - CRITICAL - [40.03secondes]-La grille ne s'est pas généré
