2024-04-24 21:16:39 - INFO - [0.00secondes]-This is an informational message.
2024-04-24 21:16:39 - DEBUG - [0.01secondes]-This is a debug message.
2024-04-24 21:16:39 - CRITICAL - [0.02secondes]-This is a critical message.
2024-04-24 21:16:41 - INFO - [2.76secondes]-La partie est commencé.
2024-04-24 21:16:41 - DEBUG - [2.77secondes]-Grille générée
2024-04-24 21:16:42 - DEBUG - [2.81secondes]-Lancement du jeu réussi
2024-04-24 21:16:42 - DEBUG - [2.81secondes]-La difficulté initiale a été initialisé à Easy
2024-04-24 21:16:42 - DEBUG - [3.61secondes]-Clic de la souris détecté
2024-04-24 21:16:42 - INFO - [3.61secondes]-L'utilisateur a selectionne (5, 6)
2024-04-24 21:16:43 - DEBUG - [4.39secondes]-Clic de la souris détecté
2024-04-24 21:16:43 - INFO - [4.39secondes]-L'utilisateur a démarré une nouvelle partie.
2024-04-24 21:16:43 - DEBUG - [4.39secondes]-Clic du bouton refresh détecté
2024-04-24 21:16:43 - DEBUG - [4.39secondes]-Les chances ont été réinitialisées à 3
2024-04-24 21:16:44 - DEBUG - [5.15secondes]-Clic de la souris détecté
2024-04-24 21:16:44 - DEBUG - [5.15secondes]- Clic en dehors des zones interactives.
2024-04-24 21:16:44 - INFO - [5.15secondes]- Le niveau de difficulté est: Easy.
2024-04-24 21:16:44 - DEBUG - [5.15secondes]-Changement de difficulté effectué avec succès.
2024-04-24 21:16:45 - DEBUG - [5.85secondes]-Clic de la souris détecté
2024-04-24 21:16:45 - INFO - [5.85secondes]-L'utilisateur a démarré une nouvelle partie.
2024-04-24 21:16:45 - DEBUG - [5.85secondes]-Clic du bouton refresh détecté
2024-04-24 21:16:45 - DEBUG - [5.86secondes]-Les chances ont été réinitialisées à 3
