2024-04-24 21:25:28 - INFO - [0.00secondes]-This is an informational message.
2024-04-24 21:25:28 - DEBUG - [0.01secondes]-This is a debug message.
2024-04-24 21:25:28 - CRITICAL - [0.01secondes]-This is a critical message.
2024-04-24 21:25:29 - INFO - [1.52secondes]-La partie est commencé.
2024-04-24 21:25:29 - DEBUG - [1.52secondes]-Grille générée
2024-04-24 21:25:29 - DEBUG - [1.56secondes]-Lancement du jeu réussi
2024-04-24 21:25:29 - DEBUG - [1.56secondes]-La difficulté initiale a été initialisé à Easy
2024-04-24 21:25:30 - DEBUG - [2.27secondes]-Clic de la souris détecté
2024-04-24 21:25:30 - INFO - [2.28secondes]-L'utilisateur a selectionne (7, 7)
2024-04-24 21:25:31 - DEBUG - [3.04secondes]-Clic de la souris détecté
2024-04-24 21:25:31 - INFO - [3.04secondes]-L'utilisateur a démarré une nouvelle partie.
2024-04-24 21:25:31 - DEBUG - [3.04secondes]-Clic du bouton refresh détecté
2024-04-24 21:25:31 - INFO - [3.04secondes]-La nouvelle difficulté est Easy
2024-04-24 21:25:31 - DEBUG - [3.05secondes]-Les chances ont été réinitialisées à 3
2024-04-24 21:25:31 - DEBUG - [3.75secondes]-Clic de la souris détecté
2024-04-24 21:25:31 - DEBUG - [3.75secondes]- Clic en dehors des zones interactives.
2024-04-24 21:25:31 - INFO - [3.75secondes]- Le niveau de difficulté est: Easy.
2024-04-24 21:25:31 - DEBUG - [3.75secondes]-Changement de difficulté effectué avec succès.
2024-04-24 21:25:32 - DEBUG - [4.48secondes]-Clic de la souris détecté
2024-04-24 21:25:32 - INFO - [4.49secondes]-L'utilisateur a selectionne (7, 8)
2024-04-24 21:25:35 - DEBUG - [7.09secondes]-Clic de la souris détecté
2024-04-24 21:25:35 - INFO - [7.09secondes]-L'utilisateur a selectionne (8, 8)
