2024-04-24 10:38:34 - INFO - [0.00secondes]-This is an informational message.
2024-04-24 10:38:34 - DEBUG - [0.00secondes]-This is a debug message.
2024-04-24 10:38:34 - CRITICAL - [0.01secondes]-This is a critical message.
2024-04-24 10:38:37 - INFO - [2.83secondes]-La partie est commencé.
2024-04-24 10:38:37 - DEBUG - [2.83secondes]-Grille générée
2024-04-24 10:38:37 - DEBUG - [2.91secondes]-Lancement du jeu réussi
2024-04-24 10:38:37 - DEBUG - [2.91secondes]-La difficulté est Facile
2024-04-24 10:38:39 - DEBUG - [4.94secondes]-Clic de la souris détecté
2024-04-24 10:38:39 - INFO - [4.94secondes]-L'utilisateur a selectionné (9, 8)
2024-04-24 10:38:46 - DEBUG - [11.42secondes]-Clic de la souris détecté
2024-04-24 10:38:46 - INFO - [11.42secondes]- Clic en dehors des zones interactives.
2024-04-24 10:38:46 - INFO - [11.42secondes]- Le niveau de difficulté est: Easy.
2024-04-24 10:38:46 - INFO - [11.43secondes]-Nouvelle difficulté sélectionnée: Intermediate.
2024-04-24 10:38:46 - DEBUG - [11.48secondes]-Changement de difficulté effectué avec succès.
2024-04-24 10:38:47 - DEBUG - [12.87secondes]-Clic de la souris détecté
2024-04-24 10:38:47 - INFO - [12.87secondes]-L'utilisateur a démarré une nouvelle partie.
2024-04-24 10:38:47 - DEBUG - [12.87secondes]-Clic du bouton refresh détecté
2024-04-24 10:38:47 - DEBUG - [12.88secondes]-Les chances ont été réinitialisées à 3
2024-04-24 10:38:48 - DEBUG - [13.85secondes]-Clic de la souris détecté
2024-04-24 10:38:48 - INFO - [13.85secondes]-L'utilisateur a selectionné (5, 7)
2024-04-24 10:38:48 - CRITICAL - [13.85secondes]-La case ne peut pas être selectionné.
2024-04-24 10:38:52 - DEBUG - [17.12secondes]-Clic de la souris détecté
2024-04-24 10:38:52 - INFO - [17.13secondes]- Clic en dehors des zones interactives.
2024-04-24 10:38:52 - INFO - [17.13secondes]- Le niveau de difficulté est: Intermediate.
2024-04-24 10:38:52 - INFO - [17.13secondes]-Nouvelle difficulté sélectionnée: Advanced.
2024-04-24 10:38:52 - DEBUG - [17.17secondes]-Changement de difficulté effectué avec succès.
2024-04-24 10:38:52 - DEBUG - [17.86secondes]-Clic de la souris détecté
2024-04-24 10:38:52 - INFO - [17.86secondes]-L'utilisateur a selectionné (3, 5)
