2024-04-18 10:40:59 - INFO - [0.00secondes]-This is an informational message.
2024-04-18 10:40:59 - DEBUG - [0.00secondes]-This is a debug message.
2024-04-18 10:40:59 - CRITICAL - [0.00secondes]-This is a critical message.
2024-04-18 10:41:01 - INFO - [1.67secondes]-La partie est commencé.
2024-04-18 10:41:02 - INFO - [3.40secondes]-L'utilisateur a démarré une nouvelle partie.
2024-04-18 10:41:03 - INFO - [4.15secondes]-L'utilisateur a démarré une nouvelle partie.
2024-04-18 10:41:04 - INFO - [5.30secondes]-Le niveau de difficulté est: Easy.
2024-04-18 10:41:05 - INFO - [5.89secondes]-L'utilisateur a démarré une nouvelle partie.
2024-04-18 10:41:06 - INFO - [6.82secondes]-Le niveau de difficulté est: Easy.
2024-04-18 10:41:06 - INFO - [7.31secondes]-L'utilisateur a démarré une nouvelle partie.
2024-04-18 10:41:07 - INFO - [8.30secondes]-Le niveau de difficulté est: Intermediate.
2024-04-18 10:41:08 - INFO - [8.82secondes]-L'utilisateur a démarré une nouvelle partie.
2024-04-18 10:41:09 - INFO - [10.27secondes]-Le niveau de difficulté est: Advanced.
2024-04-18 10:41:10 - INFO - [10.78secondes]-L'utilisateur a démarré une nouvelle partie.
2024-04-18 10:41:11 - INFO - [11.67secondes]-Le niveau de difficulté est: Intermediate.
2024-04-18 10:41:11 - INFO - [12.07secondes]-L'utilisateur a démarré une nouvelle partie.
2024-04-18 10:41:12 - INFO - [13.51secondes]-Le niveau de difficulté est: Easy.
2024-04-18 10:41:13 - INFO - [13.98secondes]-L'utilisateur a démarré une nouvelle partie.
2024-04-18 10:41:14 - INFO - [14.87secondes]-Le niveau de difficulté est: Intermediate.
2024-04-18 10:41:14 - INFO - [15.34secondes]-L'utilisateur a démarré une nouvelle partie.
2024-04-18 10:41:15 - INFO - [16.33secondes]-Le niveau de difficulté est: Advanced.
2024-04-18 10:41:16 - INFO - [16.80secondes]-L'utilisateur a démarré une nouvelle partie.
