2024-04-23 22:42:19 - INFO - [0.00secondes]-This is an informational message.
2024-04-23 22:42:19 - DEBUG - [0.01secondes]-This is a debug message.
2024-04-23 22:42:19 - CRITICAL - [0.01secondes]-This is a critical message.
2024-04-23 22:42:23 - INFO - [3.11secondes]-La partie est commencé.
2024-04-23 22:42:23 - DEBUG - [3.12secondes]-Grille générée
2024-04-23 22:42:23 - DEBUG - [3.16secondes]-Lancement du jeu réussi
2024-04-23 22:42:23 - DEBUG - [3.16secondes]-La difficulté est Facile
2024-04-23 22:42:25 - DEBUG - [6.06secondes]-Clic de la souris détecté
2024-04-23 22:42:25 - INFO - [6.06secondes]-L'utilisateur a selectionné (9, 8)
2024-04-23 22:42:25 - CRITICAL - [6.06secondes]-La case ne peut pas être selectionné.
2024-04-23 22:42:33 - DEBUG - [13.18secondes]-Clic de la souris détecté
2024-04-23 22:42:33 - INFO - [13.18secondes]-L'utilisateur a selectionné (7, 8)
2024-04-23 22:42:35 - DEBUG - [16.01secondes]-Clic de la souris détecté
2024-04-23 22:42:35 - INFO - [16.01secondes]-L'utilisateur a démarré une nouvelle partie.
2024-04-23 22:42:35 - DEBUG - [16.01secondes]-Clic du bouton refresh détecté
2024-04-23 22:42:35 - DEBUG - [16.01secondes]-Les chances ont été réinitialisées à 3
2024-04-23 22:42:37 - DEBUG - [17.38secondes]-Clic de la souris détecté
2024-04-23 22:42:37 - INFO - [17.38secondes]- Clic en dehors des zones interactives.
2024-04-23 22:42:37 - INFO - [17.38secondes]- Le niveau de difficulté est: Easy.
2024-04-23 22:42:37 - INFO - [17.38secondes]-Nouvelle difficulté sélectionnée: Intermediate.
2024-04-23 22:42:37 - DEBUG - [17.42secondes]-Changement de difficulté effectué avec succès.
2024-04-23 22:42:38 - DEBUG - [18.47secondes]-Clic de la souris détecté
2024-04-23 22:42:38 - INFO - [18.47secondes]-L'utilisateur a démarré une nouvelle partie.
2024-04-23 22:42:38 - DEBUG - [18.47secondes]-Clic du bouton refresh détecté
2024-04-23 22:42:38 - DEBUG - [18.47secondes]-Les chances ont été réinitialisées à 3
2024-04-23 22:42:39 - DEBUG - [19.52secondes]-Clic de la souris détecté
2024-04-23 22:42:39 - INFO - [19.52secondes]-L'utilisateur a selectionné (6, 9)
2024-04-23 22:42:39 - CRITICAL - [19.52secondes]-La case ne peut pas être selectionné.
2024-04-23 22:42:40 - DEBUG - [20.40secondes]-Clic de la souris détecté
2024-04-23 22:42:40 - INFO - [20.40secondes]- Clic en dehors des zones interactives.
2024-04-23 22:42:40 - INFO - [20.40secondes]- Le niveau de difficulté est: Intermediate.
2024-04-23 22:42:40 - INFO - [20.40secondes]-Nouvelle difficulté sélectionnée: Intermediate.
2024-04-23 22:42:40 - DEBUG - [20.43secondes]-Changement de difficulté effectué avec succès.
2024-04-23 22:42:40 - DEBUG - [21.04secondes]-Clic de la souris détecté
2024-04-23 22:42:40 - INFO - [21.04secondes]-L'utilisateur a selectionné (7, 8)
2024-04-23 22:42:41 - DEBUG - [21.98secondes]-Clic de la souris détecté
2024-04-23 22:42:41 - INFO - [21.98secondes]- Clic en dehors des zones interactives.
2024-04-23 22:42:41 - INFO - [21.98secondes]- Le niveau de difficulté est: Intermediate.
2024-04-23 22:42:41 - INFO - [21.98secondes]-Nouvelle difficulté sélectionnée: Easy.
2024-04-23 22:42:41 - DEBUG - [22.02secondes]-Changement de difficulté effectué avec succès.
2024-04-23 22:42:42 - DEBUG - [22.50secondes]-Clic de la souris détecté
2024-04-23 22:42:42 - INFO - [22.50secondes]-L'utilisateur a selectionné (7, 8)
2024-04-23 22:42:42 - CRITICAL - [22.50secondes]-La case ne peut pas être selectionné.
2024-04-23 22:42:43 - DEBUG - [23.64secondes]-Clic de la souris détecté
2024-04-23 22:42:43 - INFO - [23.65secondes]- Clic en dehors des zones interactives.
2024-04-23 22:42:43 - INFO - [23.65secondes]- Le niveau de difficulté est: Easy.
2024-04-23 22:42:43 - INFO - [23.65secondes]-Nouvelle difficulté sélectionnée: Advanced.
2024-04-23 22:42:43 - DEBUG - [23.68secondes]-Changement de difficulté effectué avec succès.
2024-04-23 22:42:43 - DEBUG - [24.06secondes]-Clic de la souris détecté
2024-04-23 22:42:43 - INFO - [24.06secondes]- Clic en dehors des zones interactives.
2024-04-23 22:42:44 - DEBUG - [24.63secondes]-Clic de la souris détecté
2024-04-23 22:42:44 - INFO - [24.63secondes]-L'utilisateur a selectionné (7, 9)
2024-04-23 22:42:44 - CRITICAL - [24.64secondes]-La case ne peut pas être selectionné.
2024-04-23 22:42:58 - DEBUG - [38.13secondes]-Clic de la souris détecté
2024-04-23 22:42:58 - INFO - [38.13secondes]- Clic en dehors des zones interactives.
