2024-04-24 20:58:14 - INFO - [0.00secondes]-This is an informational message.
2024-04-24 20:58:14 - DEBUG - [0.01secondes]-This is a debug message.
2024-04-24 20:58:14 - CRITICAL - [0.02secondes]-This is a critical message.
2024-04-24 20:58:16 - INFO - [1.64secondes]-La partie est commencé.
2024-04-24 20:58:16 - DEBUG - [1.64secondes]-Grille générée
2024-04-24 20:58:16 - DEBUG - [1.69secondes]-Lancement du jeu réussi
2024-04-24 20:58:16 - DEBUG - [1.69secondes]-La difficulté initiale a été initialisé à Easy
2024-04-24 20:58:16 - INFO - [2.18secondes]-L'utilisateur a selectionne (7, 7)
2024-04-24 20:58:17 - INFO - [2.77secondes]-L'utilisateur a démarré une nouvelle partie.
2024-04-24 20:58:18 - DEBUG - [3.53secondes]- Clic en dehors des zones interactives.
2024-04-24 20:58:18 - INFO - [3.53secondes]- Le niveau de difficulté est: Easy.
2024-04-24 20:58:18 - INFO - [3.99secondes]-L'utilisateur a démarré une nouvelle partie.
2024-04-24 20:58:19 - DEBUG - [4.99secondes]- Clic en dehors des zones interactives.
2024-04-24 20:58:19 - INFO - [5.00secondes]- Le niveau de difficulté est: Easy.
2024-04-24 20:58:20 - INFO - [5.51secondes]-L'utilisateur a démarré une nouvelle partie.
2024-04-24 20:58:21 - DEBUG - [6.68secondes]- Clic en dehors des zones interactives.
2024-04-24 20:58:21 - INFO - [6.68secondes]- Le niveau de difficulté est: Intermediate.
2024-04-24 20:58:21 - INFO - [7.16secondes]-L'utilisateur a démarré une nouvelle partie.
2024-04-24 20:58:23 - INFO - [8.52secondes]-L'utilisateur a selectionne (3, 9)
2024-04-24 20:58:23 - INFO - [9.40secondes]-L'utilisateur a cliqué sur 3
2024-04-24 20:58:23 - CRITICAL - [9.41secondes]-Mauvaise entrée. Chances restantes: 2
2024-04-24 20:58:24 - INFO - [10.06secondes]-L'utilisateur a cliqué sur 4
2024-04-24 20:58:24 - INFO - [10.06secondes]-Placement du chiffre 4 réussi.
2024-04-24 20:58:25 - INFO - [10.85secondes]-L'utilisateur a selectionne (2, 9)
2024-04-24 20:58:25 - INFO - [11.01secondes]-L'utilisateur a cliqué sur 6
2024-04-24 20:58:25 - CRITICAL - [11.01secondes]-Mauvaise entrée. Chances restantes: 1
2024-04-24 20:58:26 - INFO - [11.63secondes]-L'utilisateur a cliqué sur 8
2024-04-24 20:58:26 - CRITICAL - [11.64secondes]-Mauvaise entrée. Chances restantes: 0
2024-04-24 20:58:26 - CRITICAL - [11.64secondes]-Les chances sont épuisées
2024-04-24 20:58:27 - INFO - [12.60secondes]-L'utilisateur a démarré une nouvelle partie.
