2024-04-17 21:38:34 - INFO - [0.00secondes]-This is an informational message.
2024-04-17 21:38:34 - DEBUG - [0.00secondes]-This is a debug message.
2024-04-17 21:38:34 - CRITICAL - [0.00secondes]-This is a critical message.
2024-04-17 21:38:36 - INFO - [2.50secondes]-La partie est commencé.
2024-04-17 21:38:37 - INFO - [3.86secondes]-Case selectionnée: (4, 4)
2024-04-17 21:38:37 - INFO - [3.86secondes]-Case selectionnée: (4, 4)
2024-04-17 21:38:37 - INFO - [3.86secondes]-Case selectionnée: (4, 4)
2024-04-17 21:38:39 - INFO - [5.41secondes]-Case selectionnée: (0, 0)
2024-04-17 21:38:39 - INFO - [5.42secondes]-Case selectionnée: (0, 0)
2024-04-17 21:38:39 - INFO - [5.42secondes]-Case selectionnée: (0, 0)
2024-04-17 21:38:42 - INFO - [8.85secondes]-Case selectionnée: (1, 0)
2024-04-17 21:38:42 - INFO - [8.85secondes]-Case selectionnée: (1, 0)
2024-04-17 21:38:42 - INFO - [8.85secondes]-Case selectionnée: (1, 0)
2024-04-17 21:38:49 - INFO - [15.21secondes]-Case selectionnée: (2, 0)
2024-04-17 21:38:49 - INFO - [15.21secondes]-Case selectionnée: (2, 0)
2024-04-17 21:38:49 - INFO - [15.21secondes]-Case selectionnée: (2, 0)
2024-04-17 21:38:50 - INFO - [16.75secondes]-Case selectionnée: (1, 1)
2024-04-17 21:38:50 - INFO - [16.75secondes]-Case selectionnée: (1, 1)
2024-04-17 21:38:50 - INFO - [16.75secondes]-Case selectionnée: (1, 1)
2024-04-17 21:38:51 - INFO - [17.28secondes]-Case selectionnée: (2, 1)
2024-04-17 21:38:51 - INFO - [17.28secondes]-Case selectionnée: (2, 1)
2024-04-17 21:38:51 - INFO - [17.28secondes]-Case selectionnée: (2, 1)
2024-04-17 21:38:53 - INFO - [19.28secondes]-Case selectionnée: (0, 0)
2024-04-17 21:38:53 - INFO - [19.28secondes]-Case selectionnée: (0, 0)
2024-04-17 21:38:53 - INFO - [19.28secondes]-Case selectionnée: (0, 0)
2024-04-17 21:38:58 - INFO - [24.35secondes]-Case selectionnée: (2, 3)
2024-04-17 21:38:58 - INFO - [24.35secondes]-Case selectionnée: (2, 3)
2024-04-17 21:38:58 - INFO - [24.35secondes]-Case selectionnée: (2, 3)
2024-04-17 21:39:05 - INFO - [31.60secondes]-Case selectionnée: (5, 4)
2024-04-17 21:39:05 - INFO - [31.60secondes]-Case selectionnée: (5, 4)
2024-04-17 21:39:05 - INFO - [31.60secondes]-Case selectionnée: (5, 4)
2024-04-17 21:39:08 - INFO - [34.33secondes]-L'utilisateur a demandé un indice.
2024-04-17 21:39:08 - INFO - [34.33secondes]-Indice : Le(s) chiffre(s) 1 peuvent être ajoutés à la ligne 6, colonne 5.
