2024-04-24 11:01:07 - INFO - [0.02secondes]-This is an informational message.
2024-04-24 11:01:07 - DEBUG - [0.02secondes]-This is a debug message.
2024-04-24 11:01:07 - CRITICAL - [0.02secondes]-This is a critical message.
2024-04-24 11:01:09 - INFO - [1.47secondes]-La partie est commencé.
2024-04-24 11:01:09 - DEBUG - [1.48secondes]-Grille générée
2024-04-24 11:01:09 - DEBUG - [1.50secondes]-Lancement du jeu réussi
2024-04-24 11:01:09 - DEBUG - [1.50secondes]-La difficulté est Facile
2024-04-24 11:01:26 - DEBUG - [18.82secondes]-Clic de la souris détecté
2024-04-24 11:01:26 - INFO - [18.82secondes]-L'utilisateur a selectionné (9, 8)
2024-04-24 11:01:26 - CRITICAL - [18.82secondes]-La case ne peut pas être selectionné.
2024-04-24 11:01:28 - DEBUG - [20.58secondes]-Clic de la souris détecté
2024-04-24 11:01:28 - INFO - [20.58secondes]-L'utilisateur a démarré une nouvelle partie.
2024-04-24 11:01:28 - DEBUG - [20.58secondes]-Clic du bouton refresh détecté
2024-04-24 11:01:28 - DEBUG - [20.58secondes]-Les chances ont été réinitialisées à 3
2024-04-24 11:01:29 - DEBUG - [21.30secondes]-Clic de la souris détecté
2024-04-24 11:01:29 - INFO - [21.30secondes]-L'utilisateur a démarré une nouvelle partie.
2024-04-24 11:01:29 - DEBUG - [21.30secondes]-Clic du bouton refresh détecté
2024-04-24 11:01:29 - DEBUG - [21.31secondes]-Les chances ont été réinitialisées à 3
2024-04-24 11:01:29 - DEBUG - [21.68secondes]-Clic de la souris détecté
2024-04-24 11:01:29 - INFO - [21.68secondes]-L'utilisateur a démarré une nouvelle partie.
2024-04-24 11:01:29 - DEBUG - [21.68secondes]-Clic du bouton refresh détecté
2024-04-24 11:01:29 - DEBUG - [21.68secondes]-Les chances ont été réinitialisées à 3
2024-04-24 11:01:29 - DEBUG - [21.87secondes]-Clic de la souris détecté
2024-04-24 11:01:29 - INFO - [21.87secondes]-L'utilisateur a démarré une nouvelle partie.
2024-04-24 11:01:29 - DEBUG - [21.87secondes]-Clic du bouton refresh détecté
2024-04-24 11:01:29 - DEBUG - [21.87secondes]-Les chances ont été réinitialisées à 3
2024-04-24 11:01:29 - DEBUG - [22.04secondes]-Clic de la souris détecté
2024-04-24 11:01:29 - INFO - [22.04secondes]-L'utilisateur a démarré une nouvelle partie.
2024-04-24 11:01:29 - DEBUG - [22.04secondes]-Clic du bouton refresh détecté
2024-04-24 11:01:29 - DEBUG - [22.05secondes]-Les chances ont été réinitialisées à 3
2024-04-24 11:01:30 - DEBUG - [22.21secondes]-Clic de la souris détecté
2024-04-24 11:01:30 - INFO - [22.21secondes]-L'utilisateur a démarré une nouvelle partie.
2024-04-24 11:01:30 - DEBUG - [22.21secondes]-Clic du bouton refresh détecté
2024-04-24 11:01:30 - DEBUG - [22.22secondes]-Les chances ont été réinitialisées à 3
2024-04-24 11:01:30 - DEBUG - [22.37secondes]-Clic de la souris détecté
2024-04-24 11:01:30 - INFO - [22.37secondes]-L'utilisateur a démarré une nouvelle partie.
2024-04-24 11:01:30 - DEBUG - [22.37secondes]-Clic du bouton refresh détecté
2024-04-24 11:01:30 - DEBUG - [22.37secondes]-Les chances ont été réinitialisées à 3
2024-04-24 11:01:30 - DEBUG - [23.04secondes]-Clic de la souris détecté
2024-04-24 11:01:30 - INFO - [23.04secondes]-L'utilisateur a démarré une nouvelle partie.
2024-04-24 11:01:30 - DEBUG - [23.04secondes]-Clic du bouton refresh détecté
2024-04-24 11:01:30 - DEBUG - [23.04secondes]-Les chances ont été réinitialisées à 3
2024-04-24 11:01:31 - DEBUG - [23.76secondes]-Clic de la souris détecté
2024-04-24 11:01:31 - INFO - [23.76secondes]-L'utilisateur a démarré une nouvelle partie.
2024-04-24 11:01:31 - DEBUG - [23.76secondes]-Clic du bouton refresh détecté
2024-04-24 11:01:31 - DEBUG - [23.76secondes]-Les chances ont été réinitialisées à 3
2024-04-24 11:01:32 - DEBUG - [24.48secondes]-Clic de la souris détecté
2024-04-24 11:01:32 - INFO - [24.48secondes]-L'utilisateur a démarré une nouvelle partie.
2024-04-24 11:01:32 - DEBUG - [24.48secondes]-Clic du bouton refresh détecté
2024-04-24 11:01:32 - DEBUG - [24.48secondes]-Les chances ont été réinitialisées à 3
2024-04-24 11:01:33 - DEBUG - [25.43secondes]-Clic de la souris détecté
2024-04-24 11:01:33 - INFO - [25.43secondes]- Clic en dehors des zones interactives.
2024-04-24 11:01:33 - INFO - [25.43secondes]- Le niveau de difficulté est: Easy.
2024-04-24 11:01:33 - INFO - [25.43secondes]-Nouvelle difficulté sélectionnée: Easy.
2024-04-24 11:01:33 - DEBUG - [25.47secondes]-Changement de difficulté effectué avec succès.
2024-04-24 11:01:34 - DEBUG - [26.47secondes]-Clic de la souris détecté
2024-04-24 11:01:34 - INFO - [26.47secondes]-L'utilisateur a démarré une nouvelle partie.
2024-04-24 11:01:34 - DEBUG - [26.47secondes]-Clic du bouton refresh détecté
2024-04-24 11:01:34 - DEBUG - [26.47secondes]-Les chances ont été réinitialisées à 3
2024-04-24 11:01:35 - DEBUG - [27.40secondes]-Clic de la souris détecté
2024-04-24 11:01:35 - INFO - [27.40secondes]-L'utilisateur a démarré une nouvelle partie.
2024-04-24 11:01:35 - DEBUG - [27.40secondes]-Clic du bouton refresh détecté
2024-04-24 11:01:35 - DEBUG - [27.40secondes]-Les chances ont été réinitialisées à 3
2024-04-24 11:01:36 - DEBUG - [28.92secondes]-Clic de la souris détecté
2024-04-24 11:01:36 - INFO - [28.92secondes]- Clic en dehors des zones interactives.
2024-04-24 11:01:36 - INFO - [28.92secondes]- Le niveau de difficulté est: Intermediate.
2024-04-24 11:01:36 - INFO - [28.92secondes]-Nouvelle difficulté sélectionnée: Intermediate.
2024-04-24 11:01:36 - DEBUG - [28.95secondes]-Changement de difficulté effectué avec succès.
2024-04-24 11:01:37 - DEBUG - [29.52secondes]-Clic de la souris détecté
2024-04-24 11:01:37 - INFO - [29.52secondes]-L'utilisateur a démarré une nouvelle partie.
2024-04-24 11:01:37 - DEBUG - [29.52secondes]-Clic du bouton refresh détecté
2024-04-24 11:01:37 - DEBUG - [29.53secondes]-Les chances ont été réinitialisées à 3
2024-04-24 11:01:37 - DEBUG - [30.12secondes]-Clic de la souris détecté
2024-04-24 11:01:37 - INFO - [30.12secondes]- Clic en dehors des zones interactives.
2024-04-24 11:01:37 - INFO - [30.12secondes]- Le niveau de difficulté est: Easy.
2024-04-24 11:01:37 - INFO - [30.12secondes]-Nouvelle difficulté sélectionnée: Easy.
2024-04-24 11:01:37 - DEBUG - [30.15secondes]-Changement de difficulté effectué avec succès.
2024-04-24 11:01:38 - DEBUG - [30.54secondes]-Clic de la souris détecté
2024-04-24 11:01:38 - INFO - [30.55secondes]-L'utilisateur a démarré une nouvelle partie.
2024-04-24 11:01:38 - DEBUG - [30.55secondes]-Clic du bouton refresh détecté
2024-04-24 11:01:38 - DEBUG - [30.55secondes]-Les chances ont été réinitialisées à 3
2024-04-24 11:01:38 - DEBUG - [31.05secondes]-Clic de la souris détecté
2024-04-24 11:01:38 - INFO - [31.05secondes]-L'utilisateur a selectionné (7, 8)
2024-04-24 11:01:46 - DEBUG - [38.90secondes]-Clic de la souris détecté
2024-04-24 11:01:46 - INFO - [38.91secondes]- Clic en dehors des zones interactives.
2024-04-24 11:01:47 - DEBUG - [40.07secondes]-Clic de la souris détecté
2024-04-24 11:01:47 - INFO - [40.07secondes]- Clic en dehors des zones interactives.
2024-04-24 11:01:48 - DEBUG - [40.67secondes]-Clic de la souris détecté
2024-04-24 11:01:48 - INFO - [40.67secondes]- Clic en dehors des zones interactives.
2024-04-24 11:01:48 - DEBUG - [40.87secondes]-Clic de la souris détecté
2024-04-24 11:01:48 - INFO - [40.87secondes]- Clic en dehors des zones interactives.
2024-04-24 11:01:49 - DEBUG - [41.52secondes]-Clic de la souris détecté
2024-04-24 11:01:49 - INFO - [41.52secondes]- Clic en dehors des zones interactives.
2024-04-24 11:01:49 - DEBUG - [42.15secondes]-Clic de la souris détecté
2024-04-24 11:01:49 - INFO - [42.15secondes]- Clic en dehors des zones interactives.
2024-04-24 11:01:56 - DEBUG - [48.42secondes]-Clic de la souris détecté
2024-04-24 11:01:56 - INFO - [48.42secondes]-L'utilisateur a selectionné (7, 9)
2024-04-24 11:01:57 - DEBUG - [49.58secondes]-Clic de la souris détecté
2024-04-24 11:01:57 - INFO - [49.59secondes]- Clic en dehors des zones interactives.
2024-04-24 11:01:57 - DEBUG - [49.80secondes]-Clic de la souris détecté
2024-04-24 11:01:57 - INFO - [49.80secondes]- Clic en dehors des zones interactives.
2024-04-24 11:01:58 - DEBUG - [50.67secondes]-Clic de la souris détecté
2024-04-24 11:01:58 - INFO - [50.67secondes]- Clic en dehors des zones interactives.
2024-04-24 11:01:58 - DEBUG - [50.85secondes]-Clic de la souris détecté
2024-04-24 11:01:58 - INFO - [50.85secondes]- Clic en dehors des zones interactives.
2024-04-24 11:02:09 - DEBUG - [61.23secondes]-Clic de la souris détecté
2024-04-24 11:02:09 - INFO - [61.23secondes]- Clic en dehors des zones interactives.
2024-04-24 11:02:10 - DEBUG - [62.77secondes]-Clic de la souris détecté
2024-04-24 11:02:10 - INFO - [62.77secondes]-L'utilisateur a selectionné (8, 7)
2024-04-24 11:02:14 - DEBUG - [66.70secondes]-Clic de la souris détecté
2024-04-24 11:02:14 - INFO - [66.70secondes]-L'utilisateur a selectionné (6, 9)
2024-04-24 11:02:15 - DEBUG - [68.13secondes]-Clic de la souris détecté
2024-04-24 11:02:15 - INFO - [68.13secondes]-L'utilisateur a selectionné (6, 5)
