2024-04-17 22:00:20 - INFO - [0.00secondes]-This is an informational message.
2024-04-17 22:00:20 - DEBUG - [0.00secondes]-This is a debug message.
2024-04-17 22:00:20 - CRITICAL - [0.00secondes]-This is a critical message.
2024-04-17 22:00:22 - INFO - [1.56secondes]-La partie est commencé.
2024-04-17 22:00:23 - INFO - [2.39secondes]-Case selectionnée: (108, 74)
2024-04-17 22:00:23 - INFO - [2.40secondes]-Case selectionnée: (108, 74)
2024-04-17 22:00:23 - INFO - [2.40secondes]-Case selectionnée: (108, 74)
2024-04-17 22:00:25 - INFO - [4.04secondes]-Case selectionnée: (127, 146)
2024-04-17 22:00:25 - INFO - [4.05secondes]-Case selectionnée: (127, 146)
2024-04-17 22:00:25 - INFO - [4.05secondes]-Case selectionnée: (127, 146)
2024-04-17 22:00:25 - INFO - [4.79secondes]-Case selectionnée: (162, 239)
2024-04-17 22:00:25 - INFO - [4.79secondes]-Case selectionnée: (162, 239)
2024-04-17 22:00:25 - INFO - [4.80secondes]-Case selectionnée: (162, 239)
2024-04-17 22:00:26 - INFO - [5.82secondes]-Case selectionnée: (80, 103)
2024-04-17 22:00:26 - INFO - [5.82secondes]-Case selectionnée: (80, 103)
2024-04-17 22:00:26 - INFO - [5.82secondes]-Case selectionnée: (80, 103)
2024-04-17 22:00:27 - INFO - [6.57secondes]-Case selectionnée: (84, 86)
2024-04-17 22:00:27 - INFO - [6.57secondes]-Case selectionnée: (84, 86)
2024-04-17 22:00:27 - INFO - [6.57secondes]-Case selectionnée: (84, 86)
2024-04-17 22:00:28 - INFO - [7.37secondes]-Case selectionnée: (86, 84)
2024-04-17 22:00:28 - INFO - [7.37secondes]-Case selectionnée: (86, 84)
2024-04-17 22:00:28 - INFO - [7.37secondes]-Case selectionnée: (86, 84)
2024-04-17 22:00:28 - INFO - [7.92secondes]-Case selectionnée: (134, 86)
2024-04-17 22:00:28 - INFO - [7.92secondes]-Case selectionnée: (134, 86)
2024-04-17 22:00:28 - INFO - [7.92secondes]-Case selectionnée: (134, 86)
