2024-04-19 00:38:23 - INFO - [0.00secondes]-This is an informational message.
2024-04-19 00:38:23 - DEBUG - [0.00secondes]-This is a debug message.
2024-04-19 00:38:23 - CRITICAL - [0.00secondes]-This is a critical message.
2024-04-19 00:38:24 - INFO - [1.00secondes]-La partie est commencé.
2024-04-19 00:38:24 - DEBUG - [1.01secondes]-Grille générée
2024-04-19 00:38:24 - DEBUG - [1.03secondes]-Lancement du jeu réussi
2024-04-19 00:38:24 - DEBUG - [1.03secondes]-La difficulté est Facile
2024-04-19 00:38:28 - DEBUG - [4.46secondes]-Clic de la souris détecté
2024-04-19 00:38:28 - INFO - [4.47secondes]-Nouvelle difficulté sélectionnée: Easy.
2024-04-19 00:38:28 - DEBUG - [4.47secondes]-Changement de difficulté effectué avec succès.
2024-04-19 00:38:29 - DEBUG - [6.26secondes]-Clic de la souris détecté
2024-04-19 00:38:29 - INFO - [6.26secondes]-L'utilisateur a démarré une nouvelle partie.
2024-04-19 00:38:29 - DEBUG - [6.26secondes]-Clic du bouton refresh détecté
2024-04-19 00:38:29 - DEBUG - [6.26secondes]-Les chances ont été reniatialisés à 3
2024-04-19 00:38:35 - DEBUG - [11.70secondes]-Clic de la souris détecté
2024-04-19 00:38:35 - INFO - [11.70secondes]-Nouvelle difficulté sélectionnée: Easy.
2024-04-19 00:38:35 - DEBUG - [11.70secondes]-Changement de difficulté effectué avec succès.
2024-04-19 00:38:39 - DEBUG - [15.93secondes]-Clic de la souris détecté
2024-04-19 00:38:39 - INFO - [15.94secondes]-L'utilisateur a démarré une nouvelle partie.
2024-04-19 00:38:39 - DEBUG - [15.94secondes]-Clic du bouton refresh détecté
2024-04-19 00:38:39 - DEBUG - [15.94secondes]-Les chances ont été reniatialisés à 3
2024-04-19 00:38:43 - DEBUG - [19.44secondes]-Clic de la souris détecté
2024-04-19 00:38:43 - INFO - [19.44secondes]-Nouvelle difficulté sélectionnée: Easy.
2024-04-19 00:38:43 - DEBUG - [19.44secondes]-Changement de difficulté effectué avec succès.
2024-04-19 00:38:45 - DEBUG - [22.15secondes]-Clic de la souris détecté
2024-04-19 00:38:45 - INFO - [22.16secondes]-L'utilisateur a démarré une nouvelle partie.
2024-04-19 00:38:45 - DEBUG - [22.16secondes]-Clic du bouton refresh détecté
2024-04-19 00:38:45 - DEBUG - [22.16secondes]-Les chances ont été reniatialisés à 3
2024-04-19 00:38:47 - DEBUG - [24.09secondes]-Clic de la souris détecté
2024-04-19 00:38:50 - DEBUG - [26.75secondes]-Clic de la souris détecté
2024-04-19 00:38:50 - INFO - [26.75secondes]-L'utilisateur a selectionné (5, 9)
2024-04-19 00:38:51 - DEBUG - [27.89secondes]-Clic de la souris détecté
2024-04-19 00:38:51 - DEBUG - [27.90secondes]-Clic du bouton d'indice détecté
2024-04-19 00:38:51 - INFO - [27.90secondes]-L'utilisateur a demandé un indice.
2024-04-19 00:38:51 - INFO - [27.90secondes]-Indice : Le(s) chiffre(s) 2, 8 peuvent être ajoutés à la ligne 9, colonne 5.
2024-04-19 00:38:51 - DEBUG - [27.90secondes]-Un indice a été généré avec succès
