2024-04-24 10:51:22 - INFO - [0.00secondes]-This is an informational message.
2024-04-24 10:51:22 - DEBUG - [0.01secondes]-This is a debug message.
2024-04-24 10:51:22 - CRITICAL - [0.02secondes]-This is a critical message.
2024-04-24 10:51:24 - INFO - [1.42secondes]-La partie est commencé.
2024-04-24 10:51:24 - DEBUG - [1.42secondes]-Grille générée
2024-04-24 10:51:24 - DEBUG - [1.45secondes]-Lancement du jeu réussi
2024-04-24 10:51:24 - DEBUG - [1.45secondes]-La difficulté est Facile
2024-04-24 10:51:25 - DEBUG - [2.99secondes]-Clic de la souris détecté
2024-04-24 10:51:25 - INFO - [2.99secondes]-L'utilisateur a selectionné (9, 8)
2024-04-24 10:51:25 - CRITICAL - [2.99secondes]-La case ne peut pas être selectionné.
2024-04-24 10:51:27 - DEBUG - [4.71secondes]-Clic de la souris détecté
2024-04-24 10:51:27 - INFO - [4.71secondes]-L'utilisateur a selectionné (2, 5)
2024-04-24 10:51:28 - INFO - [5.32secondes]-L'utilisateur a cliqué sur 5
2024-04-24 10:51:28 - CRITICAL - [5.32secondes]-Mauvaise entrée. Chances restantes: 2
2024-04-24 10:51:28 - DEBUG - [5.32secondes]-Retrait d'une chance.
2024-04-24 10:51:32 - INFO - [9.68secondes]-L'utilisateur a cliqué sur 7
2024-04-24 10:51:32 - CRITICAL - [9.68secondes]-Mauvaise entrée. Chances restantes: 1
2024-04-24 10:51:32 - DEBUG - [9.68secondes]-Retrait d'une chance.
2024-04-24 10:51:33 - INFO - [10.47secondes]-L'utilisateur a cliqué sur 7
2024-04-24 10:51:33 - CRITICAL - [10.47secondes]-Mauvaise entrée. Chances restantes: 0
2024-04-24 10:51:33 - DEBUG - [10.47secondes]-Retrait d'une chance.
2024-04-24 10:51:33 - DEBUG - [10.47secondes]-Le message de défaite a été généré avec succès.
2024-04-24 10:51:33 - CRITICAL - [10.47secondes]-Les chances sont épuisées
