2024-04-24 11:55:37 - INFO - [0.00secondes]-This is an informational message.
2024-04-24 11:55:37 - DEBUG - [0.00secondes]-This is a debug message.
2024-04-24 11:55:37 - CRITICAL - [0.00secondes]-This is a critical message.
2024-04-24 11:55:38 - INFO - [1.75secondes]-La partie est commencé.
2024-04-24 11:55:38 - DEBUG - [1.76secondes]-Grille générée
2024-04-24 11:55:38 - DEBUG - [1.79secondes]-Lancement du jeu réussi
2024-04-24 11:55:38 - DEBUG - [1.79secondes]-La difficulté est de info
2024-04-24 11:55:39 - INFO - [2.58secondes]-L'utilisateur a selectionne (8, 6)
2024-04-24 11:55:40 - INFO - [3.50secondes]-L'utilisateur a cliqué sur 5
2024-04-24 11:55:40 - CRITICAL - [3.50secondes]-Mauvaise entrée. Chances restantes: 2
2024-04-24 11:55:41 - INFO - [3.92secondes]-L'utilisateur a cliqué sur 4
2024-04-24 11:55:41 - INFO - [3.92secondes]-Placement du chiffre 4 réussi.
2024-04-24 11:55:41 - INFO - [4.35secondes]-L'utilisateur a cliqué sur 3
2024-04-24 11:55:41 - CRITICAL - [4.35secondes]-Mauvaise entrée. Chances restantes: 1
2024-04-24 11:55:41 - INFO - [4.75secondes]-L'utilisateur a cliqué sur 2
2024-04-24 11:55:41 - CRITICAL - [4.75secondes]-Mauvaise entrée. Chances restantes: 0
2024-04-24 11:55:41 - CRITICAL - [4.75secondes]-Les chances sont épuisées
2024-04-24 11:55:45 - INFO - [8.83secondes]-Nouvelle difficulté sélectionnée: Easy.
2024-04-24 11:55:47 - INFO - [9.90secondes]-L'utilisateur a démarré une nouvelle partie.
2024-04-24 11:55:48 - INFO - [11.15secondes]-Nouvelle difficulté sélectionnée: Easy.
2024-04-24 11:55:48 - INFO - [11.85secondes]-L'utilisateur a démarré une nouvelle partie.
