2024-04-19 00:30:02 - INFO - [0.00secondes]-This is an informational message.
2024-04-19 00:30:02 - DEBUG - [0.00secondes]-This is a debug message.
2024-04-19 00:30:02 - CRITICAL - [0.00secondes]-This is a critical message.
2024-04-19 00:30:04 - INFO - [1.70secondes]-La partie est commencé.
2024-04-19 00:30:04 - DEBUG - [1.70secondes]-Grille générée
2024-04-19 00:30:04 - DEBUG - [1.74secondes]-Lancement du jeu réussi
2024-04-19 00:30:04 - DEBUG - [1.74secondes]-La difficulté est Facile
2024-04-19 00:30:10 - DEBUG - [8.27secondes]-Clic de la souris détecté
2024-04-19 00:30:10 - INFO - [8.28secondes]-L'utilisateur a selectionné (5, 1)
2024-04-19 00:30:13 - DEBUG - [10.73secondes]-Clic de la souris détecté
2024-04-19 00:30:13 - INFO - [10.73secondes]- Clic en dehors des zones interactives.
2024-04-19 00:30:20 - DEBUG - [17.56secondes]-Clic de la souris détecté
2024-04-19 00:30:20 - INFO - [17.56secondes]-L'utilisateur a démarré une nouvelle partie.
2024-04-19 00:30:20 - DEBUG - [17.56secondes]-Clic du bouton refresh détecté
2024-04-19 00:30:23 - DEBUG - [21.35secondes]-Clic de la souris détecté
2024-04-19 00:30:23 - INFO - [21.35secondes]-Nouvelle difficulté sélectionnée: Easy.
2024-04-19 00:30:23 - DEBUG - [21.35secondes]-Changement de difficulté effectué avec succès.
2024-04-19 00:30:28 - DEBUG - [26.10secondes]-Clic de la souris détecté
2024-04-19 00:30:34 - DEBUG - [32.39secondes]-Clic de la souris détecté
2024-04-19 00:30:37 - DEBUG - [34.90secondes]-Clic de la souris détecté
2024-04-19 00:30:37 - INFO - [34.90secondes]-L'utilisateur a selectionné (8, 8)
2024-04-19 00:30:40 - DEBUG - [38.47secondes]-Clic de la souris détecté
2024-04-19 00:30:40 - DEBUG - [38.47secondes]-Clic du bouton d'indice détecté
2024-04-19 00:30:40 - INFO - [38.47secondes]-L'utilisateur a demandé un indice.
2024-04-19 00:30:40 - INFO - [38.47secondes]-Indice : Le(s) chiffre(s) 8 peuvent être ajoutés à la ligne 8, colonne 8.
2024-04-19 00:30:40 - DEBUG - [38.47secondes]-Un indice a été généré avec succès
