2024-04-23 22:02:07 - INFO - [0.00secondes]-This is an informational message.
2024-04-23 22:02:07 - DEBUG - [0.00secondes]-This is a debug message.
2024-04-23 22:02:07 - CRITICAL - [0.00secondes]-This is a critical message.
2024-04-23 22:02:09 - INFO - [1.55secondes]-La partie est commencé.
2024-04-23 22:02:09 - DEBUG - [1.56secondes]-Grille générée
2024-04-23 22:02:09 - DEBUG - [1.59secondes]-Lancement du jeu réussi
2024-04-23 22:02:09 - DEBUG - [1.59secondes]-La difficulté est Facile
2024-04-23 22:02:11 - DEBUG - [3.71secondes]-Clic de la souris détecté
2024-04-23 22:02:11 - INFO - [3.72secondes]-L'utilisateur a selectionné (9, 8)
2024-04-23 22:02:13 - DEBUG - [5.44secondes]-Clic de la souris détecté
2024-04-23 22:02:13 - INFO - [5.44secondes]-L'utilisateur a selectionné (9, 7)
2024-04-23 22:02:14 - DEBUG - [6.59secondes]-Clic de la souris détecté
2024-04-23 22:02:14 - INFO - [6.59secondes]-L'utilisateur a démarré une nouvelle partie.
2024-04-23 22:02:14 - DEBUG - [6.59secondes]-Clic du bouton refresh détecté
2024-04-23 22:02:14 - DEBUG - [6.59secondes]-Les chances ont été réinitialisées à 3
2024-04-23 22:02:15 - DEBUG - [8.05secondes]-Clic de la souris détecté
2024-04-23 22:02:15 - INFO - [8.05secondes]-L'utilisateur a selectionné (5, 8)
2024-04-23 22:02:16 - INFO - [8.96secondes]-L'utilisateur a cliqué sur 6
2024-04-23 22:02:16 - CRITICAL - [8.96secondes]-Mauvaise entrée. Chances restantes: 2
2024-04-23 22:02:16 - DEBUG - [8.96secondes]-Retrait d'une chance.
2024-04-23 22:02:17 - DEBUG - [10.21secondes]-Clic de la souris détecté
2024-04-23 22:02:17 - INFO - [10.21secondes]-L'utilisateur a selectionné (5, 9)
2024-04-23 22:02:18 - INFO - [10.37secondes]-L'utilisateur a cliqué sur 5
2024-04-23 22:02:18 - CRITICAL - [10.37secondes]-Mauvaise entrée. Chances restantes: 1
2024-04-23 22:02:18 - DEBUG - [10.37secondes]-Retrait d'une chance.
2024-04-23 22:02:18 - DEBUG - [11.17secondes]-Clic de la souris détecté
2024-04-23 22:02:18 - INFO - [11.17secondes]-L'utilisateur a selectionné (5, 8)
2024-04-23 22:02:18 - INFO - [11.29secondes]-L'utilisateur a cliqué sur 6
2024-04-23 22:02:18 - CRITICAL - [11.29secondes]-Mauvaise entrée. Chances restantes: 0
2024-04-23 22:02:18 - DEBUG - [11.29secondes]-Retrait d'une chance.
2024-04-23 22:02:18 - DEBUG - [11.30secondes]-Le message de défaite a été généré avec succès.
2024-04-23 22:02:18 - CRITICAL - [11.30secondes]-Les chances sont épuisées
2024-04-23 22:02:21 - DEBUG - [13.54secondes]-Clic de la souris détecté
2024-04-23 22:02:21 - INFO - [13.54secondes]-L'utilisateur a démarré une nouvelle partie.
2024-04-23 22:02:21 - DEBUG - [13.54secondes]-Clic du bouton refresh détecté
2024-04-23 22:02:21 - DEBUG - [13.54secondes]-Les chances ont été réinitialisées à 3
2024-04-23 22:02:21 - DEBUG - [14.26secondes]-Clic de la souris détecté
2024-04-23 22:02:21 - INFO - [14.26secondes]-L'utilisateur a démarré une nouvelle partie.
2024-04-23 22:02:21 - DEBUG - [14.26secondes]-Clic du bouton refresh détecté
2024-04-23 22:02:21 - DEBUG - [14.26secondes]-Les chances ont été réinitialisées à 3
