2024-04-17 21:58:19 - INFO - [0.00secondes]-This is an informational message.
2024-04-17 21:58:19 - DEBUG - [0.00secondes]-This is a debug message.
2024-04-17 21:58:19 - CRITICAL - [0.00secondes]-This is a critical message.
2024-04-17 21:58:20 - INFO - [1.76secondes]-La partie est commencé.
2024-04-17 21:58:22 - INFO - [2.92secondes]-Case selectionnée: (1, 0)
2024-04-17 21:58:22 - INFO - [2.92secondes]-Case selectionnée: (1, 0)
2024-04-17 21:58:22 - INFO - [2.92secondes]-Case selectionnée: (1, 0)
2024-04-17 21:58:23 - INFO - [4.49secondes]-Case selectionnée: (1, 2)
2024-04-17 21:58:23 - INFO - [4.49secondes]-Case selectionnée: (1, 2)
2024-04-17 21:58:23 - INFO - [4.49secondes]-Case selectionnée: (1, 2)
2024-04-17 21:58:26 - INFO - [7.39secondes]-Case selectionnée: (2, 2)
2024-04-17 21:58:26 - INFO - [7.39secondes]-Case selectionnée: (2, 2)
2024-04-17 21:58:26 - INFO - [7.40secondes]-Case selectionnée: (2, 2)
2024-04-17 21:58:29 - INFO - [10.15secondes]-Case selectionnée: (5, 5)
2024-04-17 21:58:29 - INFO - [10.15secondes]-Case selectionnée: (5, 5)
2024-04-17 21:58:29 - INFO - [10.15secondes]-Case selectionnée: (5, 5)
2024-04-17 21:58:31 - INFO - [12.06secondes]-Case selectionnée: (5, 5)
2024-04-17 21:58:31 - INFO - [12.06secondes]-Case selectionnée: (5, 5)
2024-04-17 21:58:31 - INFO - [12.06secondes]-Case selectionnée: (5, 5)
2024-04-17 21:58:32 - INFO - [13.61secondes]-Case selectionnée: (8, 8)
2024-04-17 21:58:32 - INFO - [13.62secondes]-Case selectionnée: (8, 8)
2024-04-17 21:58:32 - INFO - [13.62secondes]-Case selectionnée: (8, 8)
2024-04-17 21:58:39 - INFO - [20.61secondes]-Case selectionnée: (6, 7)
2024-04-17 21:58:39 - INFO - [20.61secondes]-Case selectionnée: (6, 7)
2024-04-17 21:58:39 - INFO - [20.61secondes]-Case selectionnée: (6, 7)
