2024-04-24 21:25:53 - INFO - [0.00secondes]-This is an informational message.
2024-04-24 21:25:53 - DEBUG - [0.00secondes]-This is a debug message.
2024-04-24 21:25:53 - CRITICAL - [0.00secondes]-This is a critical message.
2024-04-24 21:25:55 - INFO - [1.62secondes]-La partie est commencé.
2024-04-24 21:25:55 - DEBUG - [1.63secondes]-Grille générée
2024-04-24 21:25:55 - DEBUG - [1.68secondes]-Lancement du jeu réussi
2024-04-24 21:25:55 - DEBUG - [1.68secondes]-La difficulté initiale a été initialisé à Easy
2024-04-24 21:25:56 - DEBUG - [2.27secondes]-Clic de la souris détecté
2024-04-24 21:25:56 - INFO - [2.28secondes]-L'utilisateur a selectionne (7, 6)
2024-04-24 21:25:56 - DEBUG - [2.68secondes]-Clic de la souris détecté
2024-04-24 21:25:56 - INFO - [2.69secondes]-L'utilisateur a selectionne (7, 6)
2024-04-24 21:25:56 - DEBUG - [3.10secondes]-Clic de la souris détecté
2024-04-24 21:25:56 - INFO - [3.11secondes]-L'utilisateur a selectionne (7, 5)
2024-04-24 21:25:57 - INFO - [3.55secondes]-L'utilisateur a cliqué sur 3
2024-04-24 21:25:57 - CRITICAL - [3.55secondes]-Mauvaise entrée. Chances restantes: 2
2024-04-24 21:25:59 - INFO - [5.47secondes]-L'utilisateur a cliqué sur 5
2024-04-24 21:25:59 - INFO - [5.47secondes]-Placement du chiffre 5 réussi.
2024-04-24 21:26:00 - DEBUG - [6.66secondes]-Clic de la souris détecté
2024-04-24 21:26:00 - DEBUG - [6.66secondes]- Clic en dehors des zones interactives.
2024-04-24 21:26:01 - DEBUG - [7.28secondes]-Clic de la souris détecté
2024-04-24 21:26:01 - INFO - [7.28secondes]-L'utilisateur a démarré une nouvelle partie.
2024-04-24 21:26:01 - DEBUG - [7.28secondes]-Clic du bouton refresh détecté
2024-04-24 21:26:01 - INFO - [7.28secondes]-La nouvelle difficulté est Easy
2024-04-24 21:26:01 - DEBUG - [7.28secondes]-Les chances ont été réinitialisées à 3
2024-04-24 21:26:01 - DEBUG - [7.48secondes]-Clic de la souris détecté
2024-04-24 21:26:01 - INFO - [7.48secondes]-L'utilisateur a démarré une nouvelle partie.
2024-04-24 21:26:01 - DEBUG - [7.48secondes]-Clic du bouton refresh détecté
2024-04-24 21:26:01 - INFO - [7.49secondes]-La nouvelle difficulté est Easy
2024-04-24 21:26:01 - DEBUG - [7.49secondes]-Les chances ont été réinitialisées à 3
