2024-04-17 21:52:46 - INFO - [0.00secondes]-This is an informational message.
2024-04-17 21:52:46 - DEBUG - [0.00secondes]-This is a debug message.
2024-04-17 21:52:46 - CRITICAL - [0.01secondes]-This is a critical message.
2024-04-17 21:52:48 - INFO - [1.57secondes]-La partie est commencé.
2024-04-17 21:52:49 - INFO - [2.54secondes]-Case selectionnée: (5, 7)
2024-04-17 21:52:49 - INFO - [2.54secondes]-Case selectionnée: (5, 7)
2024-04-17 21:52:49 - INFO - [2.54secondes]-Case selectionnée: (5, 7)
2024-04-17 21:52:50 - INFO - [3.48secondes]-Case selectionnée: (3, 7)
2024-04-17 21:52:50 - INFO - [3.48secondes]-Case selectionnée: (3, 7)
2024-04-17 21:52:50 - INFO - [3.48secondes]-Case selectionnée: (3, 7)
2024-04-17 21:52:50 - INFO - [4.17secondes]-Case selectionnée: (1, 4)
2024-04-17 21:52:51 - INFO - [4.17secondes]-Case selectionnée: (1, 4)
2024-04-17 21:52:51 - INFO - [4.17secondes]-Case selectionnée: (1, 4)
2024-04-17 21:52:51 - INFO - [4.83secondes]-Case selectionnée: (4, 1)
2024-04-17 21:52:51 - INFO - [4.86secondes]-Case selectionnée: (4, 1)
2024-04-17 21:52:51 - INFO - [4.86secondes]-Case selectionnée: (4, 1)
2024-04-17 21:52:52 - INFO - [5.54secondes]-Case selectionnée: (3, 1)
2024-04-17 21:52:52 - INFO - [5.54secondes]-Case selectionnée: (3, 1)
2024-04-17 21:52:52 - INFO - [5.54secondes]-Case selectionnée: (3, 1)
2024-04-17 21:52:53 - INFO - [6.56secondes]-Case selectionnée: (0, 1)
2024-04-17 21:52:53 - INFO - [6.56secondes]-Case selectionnée: (0, 1)
2024-04-17 21:52:53 - INFO - [6.56secondes]-Case selectionnée: (0, 1)
2024-04-17 21:52:54 - INFO - [7.20secondes]-Case selectionnée: (0, 2)
2024-04-17 21:52:54 - INFO - [7.20secondes]-Case selectionnée: (0, 2)
2024-04-17 21:52:54 - INFO - [7.20secondes]-Case selectionnée: (0, 2)
2024-04-17 21:52:54 - INFO - [7.76secondes]-Case selectionnée: (1, 1)
2024-04-17 21:52:54 - INFO - [7.76secondes]-Case selectionnée: (1, 1)
2024-04-17 21:52:54 - INFO - [7.76secondes]-Case selectionnée: (1, 1)
