2024-04-23 22:32:25 - INFO - [0.00secondes]-This is an informational message.
2024-04-23 22:32:25 - DEBUG - [0.00secondes]-This is a debug message.
2024-04-23 22:32:25 - CRITICAL - [0.01secondes]-This is a critical message.
2024-04-23 22:32:26 - INFO - [1.10secondes]-La partie est commencé.
2024-04-23 22:32:26 - DEBUG - [1.10secondes]-Grille générée
2024-04-23 22:32:27 - DEBUG - [1.15secondes]-Lancement du jeu réussi
2024-04-23 22:32:27 - DEBUG - [1.15secondes]-La difficulté est Facile
2024-04-23 22:32:29 - DEBUG - [3.36secondes]-Clic de la souris détecté
2024-04-23 22:32:29 - INFO - [3.37secondes]-L'utilisateur a selectionné (9, 8)
2024-04-23 22:32:29 - CRITICAL - [3.37secondes]-La case ne peut pas être selectionné.
2024-04-23 22:32:31 - DEBUG - [5.15secondes]-Clic de la souris détecté
2024-04-23 22:32:31 - INFO - [5.15secondes]-L'utilisateur a selectionné (8, 5)
2024-04-23 22:32:31 - DEBUG - [5.97secondes]-Clic de la souris détecté
2024-04-23 22:32:31 - INFO - [5.97secondes]- Clic en dehors des zones interactives.
2024-04-23 22:32:33 - DEBUG - [7.27secondes]-Clic de la souris détecté
2024-04-23 22:32:33 - INFO - [7.27secondes]-L'utilisateur a selectionné (9, 6)
2024-04-23 22:32:33 - DEBUG - [7.76secondes]-Clic de la souris détecté
2024-04-23 22:32:33 - INFO - [7.76secondes]-L'utilisateur a selectionné (8, 6)
2024-04-23 22:32:34 - DEBUG - [8.49secondes]-Clic de la souris détecté
2024-04-23 22:32:34 - INFO - [8.49secondes]-L'utilisateur a selectionné (7, 8)
2024-04-23 22:32:36 - DEBUG - [10.13secondes]-Clic de la souris détecté
2024-04-23 22:32:36 - INFO - [10.13secondes]-Nouvelle difficulté sélectionnée: Easy.
2024-04-23 22:32:36 - DEBUG - [10.13secondes]-Changement de difficulté effectué avec succès.
2024-04-23 22:32:36 - DEBUG - [11.10secondes]-Clic de la souris détecté
2024-04-23 22:32:36 - INFO - [11.10secondes]-L'utilisateur a démarré une nouvelle partie.
2024-04-23 22:32:36 - DEBUG - [11.10secondes]-Clic du bouton refresh détecté
2024-04-23 22:32:36 - DEBUG - [11.10secondes]-Les chances ont été réinitialisées à 3
2024-04-23 22:32:38 - DEBUG - [12.89secondes]-Clic de la souris détecté
2024-04-23 22:32:38 - INFO - [12.89secondes]-Nouvelle difficulté sélectionnée: Easy.
2024-04-23 22:32:38 - DEBUG - [12.89secondes]-Changement de difficulté effectué avec succès.
2024-04-23 22:32:39 - DEBUG - [13.89secondes]-Clic de la souris détecté
2024-04-23 22:32:39 - INFO - [13.89secondes]-L'utilisateur a démarré une nouvelle partie.
2024-04-23 22:32:39 - DEBUG - [13.89secondes]-Clic du bouton refresh détecté
2024-04-23 22:32:39 - DEBUG - [13.89secondes]-Les chances ont été réinitialisées à 3
2024-04-23 22:32:43 - DEBUG - [17.74secondes]-Clic de la souris détecté
2024-04-23 22:32:43 - INFO - [17.74secondes]-Nouvelle difficulté sélectionnée: Easy.
2024-04-23 22:32:43 - DEBUG - [17.74secondes]-Changement de difficulté effectué avec succès.
2024-04-23 22:32:44 - DEBUG - [18.42secondes]-Clic de la souris détecté
2024-04-23 22:32:44 - INFO - [18.42secondes]-L'utilisateur a démarré une nouvelle partie.
2024-04-23 22:32:44 - DEBUG - [18.42secondes]-Clic du bouton refresh détecté
2024-04-23 22:32:44 - DEBUG - [18.43secondes]-Les chances ont été réinitialisées à 3
2024-04-23 22:32:49 - DEBUG - [23.57secondes]-Clic de la souris détecté
2024-04-23 22:32:49 - INFO - [23.57secondes]-Nouvelle difficulté sélectionnée: Easy.
2024-04-23 22:32:49 - DEBUG - [23.57secondes]-Changement de difficulté effectué avec succès.
2024-04-23 22:32:53 - DEBUG - [27.42secondes]-Clic de la souris détecté
2024-04-23 22:32:53 - INFO - [27.42secondes]-Nouvelle difficulté sélectionnée: Easy.
2024-04-23 22:32:53 - DEBUG - [27.42secondes]-Changement de difficulté effectué avec succès.
2024-04-23 22:32:54 - DEBUG - [28.81secondes]-Clic de la souris détecté
2024-04-23 22:32:54 - INFO - [28.81secondes]-Nouvelle difficulté sélectionnée: Easy.
2024-04-23 22:32:54 - DEBUG - [28.81secondes]-Changement de difficulté effectué avec succès.
2024-04-23 22:32:56 - DEBUG - [30.42secondes]-Clic de la souris détecté
2024-04-23 22:32:56 - INFO - [30.42secondes]-Nouvelle difficulté sélectionnée: Easy.
2024-04-23 22:32:56 - DEBUG - [30.42secondes]-Changement de difficulté effectué avec succès.
2024-04-23 22:32:57 - DEBUG - [31.74secondes]-Clic de la souris détecté
2024-04-23 22:32:57 - INFO - [31.74secondes]-L'utilisateur a démarré une nouvelle partie.
2024-04-23 22:32:57 - DEBUG - [31.74secondes]-Clic du bouton refresh détecté
2024-04-23 22:32:57 - DEBUG - [31.74secondes]-Les chances ont été réinitialisées à 3
