2024-04-24 20:58:32 - INFO - [0.00secondes]-This is an informational message.
2024-04-24 20:58:32 - DEBUG - [0.00secondes]-This is a debug message.
2024-04-24 20:58:32 - CRITICAL - [0.00secondes]-This is a critical message.
2024-04-24 20:58:33 - INFO - [1.44secondes]-La partie est commencé.
2024-04-24 20:58:33 - DEBUG - [1.44secondes]-Grille générée
2024-04-24 20:58:33 - DEBUG - [1.48secondes]-Lancement du jeu réussi
2024-04-24 20:58:33 - DEBUG - [1.48secondes]-La difficulté initiale a été initialisé à Easy
2024-04-24 20:58:34 - DEBUG - [2.63secondes]- Clic en dehors des zones interactives.
2024-04-24 20:58:34 - INFO - [2.64secondes]- Le niveau de difficulté est: Easy.
2024-04-24 20:58:35 - INFO - [3.52secondes]-L'utilisateur a selectionne (2, 8)
2024-04-24 20:58:37 - INFO - [4.83secondes]-L'utilisateur a démarré une nouvelle partie.
2024-04-24 20:58:38 - INFO - [6.19secondes]-L'utilisateur a selectionne (1, 1)
2024-04-24 20:58:39 - INFO - [6.84secondes]-L'utilisateur a cliqué sur 1
2024-04-24 20:58:39 - INFO - [6.84secondes]-Placement du chiffre 1 réussi.
2024-04-24 20:58:39 - INFO - [7.48secondes]-L'utilisateur a selectionne (1, 2)
2024-04-24 20:58:40 - INFO - [8.78secondes]-L'utilisateur a cliqué sur 2
2024-04-24 20:58:40 - INFO - [8.78secondes]-Placement du chiffre 2 réussi.
2024-04-24 20:58:41 - INFO - [9.22secondes]-L'utilisateur a selectionne (1, 3)
2024-04-24 20:58:42 - INFO - [9.99secondes]-L'utilisateur a cliqué sur 4
2024-04-24 20:58:42 - CRITICAL - [10.00secondes]-Mauvaise entrée. Chances restantes: 2
2024-04-24 20:58:43 - DEBUG - [11.53secondes]- Clic en dehors des zones interactives.
