2024-04-24 10:53:53 - INFO - [0.00secondes]-This is an informational message.
2024-04-24 10:53:53 - DEBUG - [0.00secondes]-This is a debug message.
2024-04-24 10:53:53 - CRITICAL - [0.00secondes]-This is a critical message.
2024-04-24 10:53:54 - INFO - [1.65secondes]-La partie est commencé.
2024-04-24 10:53:54 - DEBUG - [1.65secondes]-Grille générée
2024-04-24 10:53:54 - DEBUG - [1.71secondes]-Lancement du jeu réussi
2024-04-24 10:53:54 - DEBUG - [1.71secondes]-La difficulté est Facile
2024-04-24 10:53:55 - DEBUG - [2.73secondes]-Clic de la souris détecté
2024-04-24 10:53:55 - INFO - [2.74secondes]-L'utilisateur a selectionné (9, 8)
2024-04-24 10:53:55 - CRITICAL - [2.74secondes]-La case ne peut pas être selectionné.
2024-04-24 10:54:05 - DEBUG - [12.46secondes]-Clic de la souris détecté
2024-04-24 10:54:05 - INFO - [12.46secondes]- Clic en dehors des zones interactives.
2024-04-24 10:54:05 - INFO - [12.46secondes]- Le niveau de difficulté est: Easy.
2024-04-24 10:54:05 - INFO - [12.46secondes]-Nouvelle difficulté sélectionnée: Easy.
2024-04-24 10:54:05 - DEBUG - [12.49secondes]-Changement de difficulté effectué avec succès.
2024-04-24 10:54:06 - DEBUG - [13.06secondes]-Clic de la souris détecté
2024-04-24 10:54:06 - INFO - [13.07secondes]-L'utilisateur a selectionné (7, 6)
2024-04-24 10:54:06 - CRITICAL - [13.07secondes]-La case ne peut pas être selectionné.
2024-04-24 10:54:29 - DEBUG - [36.66secondes]-Clic de la souris détecté
2024-04-24 10:54:29 - INFO - [36.66secondes]- Clic en dehors des zones interactives.
2024-04-24 10:54:29 - INFO - [36.66secondes]- Le niveau de difficulté est: Easy.
2024-04-24 10:54:29 - INFO - [36.66secondes]-Nouvelle difficulté sélectionnée: Easy.
2024-04-24 10:54:29 - DEBUG - [36.69secondes]-Changement de difficulté effectué avec succès.
2024-04-24 10:54:30 - DEBUG - [37.24secondes]-Clic de la souris détecté
2024-04-24 10:54:30 - INFO - [37.24secondes]-L'utilisateur a selectionné (6, 4)
2024-04-24 10:54:30 - CRITICAL - [37.24secondes]-La case ne peut pas être selectionné.
