2024-04-24 11:06:21 - INFO - [0.00secondes]-This is an informational message.
2024-04-24 11:06:21 - DEBUG - [0.00secondes]-This is a debug message.
2024-04-24 11:06:21 - CRITICAL - [0.00secondes]-This is a critical message.
2024-04-24 11:06:23 - INFO - [2.35secondes]-La partie est commencé.
2024-04-24 11:06:23 - DEBUG - [2.35secondes]-Grille générée
2024-04-24 11:06:23 - DEBUG - [2.38secondes]-Lancement du jeu réussi
2024-04-24 11:06:23 - DEBUG - [2.39secondes]-La difficulté est Facile
2024-04-24 11:06:28 - DEBUG - [7.37secondes]-Clic de la souris détecté
2024-04-24 11:06:28 - INFO - [7.37secondes]-L'utilisateur a selectionné (9, 8)
2024-04-24 11:06:31 - DEBUG - [10.09secondes]-Clic de la souris détecté
2024-04-24 11:06:31 - INFO - [10.09secondes]- Clic en dehors des zones interactives.
2024-04-24 11:06:32 - DEBUG - [11.06secondes]-Clic de la souris détecté
2024-04-24 11:06:32 - INFO - [11.06secondes]-L'utilisateur a selectionné (9, 9)
2024-04-24 11:06:33 - DEBUG - [11.89secondes]-Clic de la souris détecté
2024-04-24 11:06:33 - INFO - [11.89secondes]-L'utilisateur a selectionné (8, 8)
2024-04-24 11:06:36 - DEBUG - [14.73secondes]-Clic de la souris détecté
2024-04-24 11:06:36 - INFO - [14.73secondes]-L'utilisateur a selectionné (5, 5)
2024-04-24 11:06:41 - DEBUG - [19.68secondes]-Clic de la souris détecté
2024-04-24 11:06:41 - INFO - [19.68secondes]- Clic en dehors des zones interactives.
2024-04-24 11:06:41 - INFO - [19.68secondes]- Le niveau de difficulté est: Easy.
2024-04-24 11:06:41 - INFO - [19.68secondes]-Nouvelle difficulté sélectionnée: Easy.
2024-04-24 11:06:41 - DEBUG - [19.71secondes]-Changement de difficulté effectué avec succès.
2024-04-24 11:06:41 - DEBUG - [20.40secondes]-Clic de la souris détecté
2024-04-24 11:06:41 - INFO - [20.40secondes]-L'utilisateur a démarré une nouvelle partie.
2024-04-24 11:06:41 - DEBUG - [20.40secondes]-Clic du bouton refresh détecté
2024-04-24 11:06:41 - DEBUG - [20.40secondes]-Les chances ont été réinitialisées à 3
2024-04-24 11:06:42 - DEBUG - [21.23secondes]-Clic de la souris détecté
2024-04-24 11:06:42 - INFO - [21.23secondes]-L'utilisateur a selectionné (6, 9)
2024-04-24 11:06:42 - CRITICAL - [21.23secondes]-La case ne peut pas être selectionné.
2024-04-24 11:06:43 - DEBUG - [22.24secondes]-Clic de la souris détecté
2024-04-24 11:06:43 - INFO - [22.24secondes]- Clic en dehors des zones interactives.
2024-04-24 11:06:43 - INFO - [22.24secondes]- Le niveau de difficulté est: Intermediate.
2024-04-24 11:06:43 - INFO - [22.24secondes]-Nouvelle difficulté sélectionnée: Intermediate.
2024-04-24 11:06:43 - DEBUG - [22.27secondes]-Changement de difficulté effectué avec succès.
2024-04-24 11:06:44 - DEBUG - [23.07secondes]-Clic de la souris détecté
2024-04-24 11:06:44 - INFO - [23.07secondes]-L'utilisateur a démarré une nouvelle partie.
2024-04-24 11:06:44 - DEBUG - [23.07secondes]-Clic du bouton refresh détecté
2024-04-24 11:06:44 - DEBUG - [23.07secondes]-Les chances ont été réinitialisées à 3
2024-04-24 11:06:45 - DEBUG - [24.08secondes]-Clic de la souris détecté
2024-04-24 11:06:45 - INFO - [24.08secondes]- Clic en dehors des zones interactives.
2024-04-24 11:06:45 - INFO - [24.08secondes]- Le niveau de difficulté est: Easy.
2024-04-24 11:06:45 - INFO - [24.08secondes]-Nouvelle difficulté sélectionnée: Easy.
2024-04-24 11:06:45 - DEBUG - [24.11secondes]-Changement de difficulté effectué avec succès.
2024-04-24 11:06:46 - DEBUG - [24.62secondes]-Clic de la souris détecté
2024-04-24 11:06:46 - INFO - [24.62secondes]-L'utilisateur a démarré une nouvelle partie.
2024-04-24 11:06:46 - DEBUG - [24.62secondes]-Clic du bouton refresh détecté
2024-04-24 11:06:46 - DEBUG - [24.62secondes]-Les chances ont été réinitialisées à 3
2024-04-24 11:06:46 - DEBUG - [25.23secondes]-Clic de la souris détecté
2024-04-24 11:06:46 - INFO - [25.23secondes]-L'utilisateur a selectionné (5, 8)
2024-04-24 11:06:46 - CRITICAL - [25.23secondes]-La case ne peut pas être selectionné.
2024-04-24 11:06:47 - DEBUG - [26.46secondes]-Clic de la souris détecté
2024-04-24 11:06:47 - DEBUG - [26.46secondes]-Clic du bouton d'indice détecté
2024-04-24 11:06:47 - INFO - [26.46secondes]-L'utilisateur a demandé un indice.
2024-04-24 11:06:47 - INFO - [26.47secondes]-Indice : Le(s) chiffre(s) 4 peuvent être ajoutés à la ligne 8, colonne 5.
2024-04-24 11:06:47 - DEBUG - [26.47secondes]-Un indice a été généré avec succès
2024-04-24 11:06:48 - DEBUG - [27.53secondes]-Clic de la souris détecté
2024-04-24 11:06:48 - INFO - [27.53secondes]-L'utilisateur a selectionné (8, 8)
2024-04-24 11:06:49 - DEBUG - [28.54secondes]-Clic de la souris détecté
2024-04-24 11:06:49 - DEBUG - [28.54secondes]-Clic du bouton d'indice détecté
2024-04-24 11:06:49 - INFO - [28.55secondes]-L'utilisateur a demandé un indice.
2024-04-24 11:06:49 - INFO - [28.55secondes]-Indice : Le(s) chiffre(s) 1, 2, 7 peuvent être ajoutés à la ligne 8, colonne 8.
2024-04-24 11:06:49 - DEBUG - [28.55secondes]-Un indice a été généré avec succès
2024-04-24 11:06:50 - DEBUG - [29.29secondes]-Clic de la souris détecté
2024-04-24 11:06:50 - INFO - [29.29secondes]- Clic en dehors des zones interactives.
2024-04-24 11:06:51 - DEBUG - [30.03secondes]-Clic de la souris détecté
2024-04-24 11:06:53 - DEBUG - [31.64secondes]-Clic de la souris détecté
2024-04-24 11:06:53 - INFO - [31.64secondes]-L'utilisateur a selectionné (1, 6)
2024-04-24 11:06:54 - INFO - [32.57secondes]-L'utilisateur a cliqué sur 7
2024-04-24 11:06:54 - CRITICAL - [32.57secondes]-Mauvaise entrée. Chances restantes: 2
2024-04-24 11:06:54 - DEBUG - [32.57secondes]-Retrait d'une chance.
2024-04-24 11:06:54 - INFO - [33.10secondes]-L'utilisateur a cliqué sur 8
2024-04-24 11:06:54 - CRITICAL - [33.10secondes]-Mauvaise entrée. Chances restantes: 1
2024-04-24 11:06:54 - DEBUG - [33.10secondes]-Retrait d'une chance.
2024-04-24 11:06:58 - INFO - [36.92secondes]-L'utilisateur a cliqué sur 1
2024-04-24 11:06:58 - INFO - [36.92secondes]-Placement du chiffre 1 réussi.
